<?xml version="1.0" encoding="UTF-8"?>
<testsuite xmlns:xsi="http://www.w3.org/2001/XMLSchema-instance" xsi:noNamespaceSchemaLocation="https://maven.apache.org/surefire/maven-surefire-plugin/xsd/surefire-test-report-3.0.xsd" version="3.0" name="com.day7CollectionsAPI.assignment.comparator.courseService.CourseServiceTest" time="0.022" tests="5" errors="0" skipped="0" failures="0">
  <properties>
    <property name="sun.desktop" value="windows"/>
    <property name="awt.toolkit" value="sun.awt.windows.WToolkit"/>
    <property name="file.encoding.pkg" value="sun.io"/>
    <property name="java.specification.version" value="1.8"/>
    <property name="sun.cpu.isalist" value="amd64"/>
    <property name="sun.jnu.encoding" value="Cp1252"/>
    <property name="java.class.path" value="C:\Users\pdivy\Documents\DivyeshJava\AccentureTrainingJava\target\test-classes;C:\Users\pdivy\Documents\DivyeshJava\AccentureTrainingJava\target\classes;C:\Users\pdivy\.m2\repository\org\junit\jupiter\junit-jupiter-engine\5.8.2\junit-jupiter-engine-5.8.2.jar;C:\Users\pdivy\.m2\repository\org\junit\platform\junit-platform-engine\1.8.2\junit-platform-engine-1.8.2.jar;C:\Users\pdivy\.m2\repository\org\opentest4j\opentest4j\1.2.0\opentest4j-1.2.0.jar;C:\Users\pdivy\.m2\repository\org\junit\platform\junit-platform-commons\1.8.2\junit-platform-commons-1.8.2.jar;C:\Users\pdivy\.m2\repository\org\junit\jupiter\junit-jupiter-api\5.8.2\junit-jupiter-api-5.8.2.jar;C:\Users\pdivy\.m2\repository\org\apiguardian\apiguardian-api\1.1.2\apiguardian-api-1.1.2.jar;"/>
    <property name="java.vm.vendor" value="OpenLogic-OpenJDK"/>
    <property name="sun.arch.data.model" value="64"/>
    <property name="user.variant" value=""/>
    <property name="java.vendor.url" value="http://java.oracle.com/"/>
    <property name="user.timezone" value="Asia/Calcutta"/>
    <property name="java.vm.specification.version" value="1.8"/>
    <property name="os.name" value="Windows 11"/>
    <property name="user.country" value="IN"/>
    <property name="sun.java.launcher" value="SUN_STANDARD"/>
    <property name="sun.boot.library.path" value="C:\Program Files\Java\jdk-8\jre\bin"/>
    <property name="sun.java.command" value="C:\Users\pdivy\AppData\Local\Temp\surefire3055854153961509829\surefirebooter-20241102193424030_3.jar C:\Users\pdivy\AppData\Local\Temp\surefire3055854153961509829 2024-11-02T19-34-23_811-jvmRun1 surefire-20241102193424030_1tmp surefire_0-20241102193424030_2tmp"/>
    <property name="surefire.test.class.path" value="C:\Users\pdivy\Documents\DivyeshJava\AccentureTrainingJava\target\test-classes;C:\Users\pdivy\Documents\DivyeshJava\AccentureTrainingJava\target\classes;C:\Users\pdivy\.m2\repository\org\junit\jupiter\junit-jupiter-engine\5.8.2\junit-jupiter-engine-5.8.2.jar;C:\Users\pdivy\.m2\repository\org\junit\platform\junit-platform-engine\1.8.2\junit-platform-engine-1.8.2.jar;C:\Users\pdivy\.m2\repository\org\opentest4j\opentest4j\1.2.0\opentest4j-1.2.0.jar;C:\Users\pdivy\.m2\repository\org\junit\platform\junit-platform-commons\1.8.2\junit-platform-commons-1.8.2.jar;C:\Users\pdivy\.m2\repository\org\junit\jupiter\junit-jupiter-api\5.8.2\junit-jupiter-api-5.8.2.jar;C:\Users\pdivy\.m2\repository\org\apiguardian\apiguardian-api\1.1.2\apiguardian-api-1.1.2.jar;"/>
    <property name="sun.cpu.endian" value="little"/>
    <property name="user.home" value="C:\Users\pdivy"/>
    <property name="user.language" value="en"/>
    <property name="java.specification.vendor" value="Oracle Corporation"/>
    <property name="java.home" value="C:\Program Files\Java\jdk-8\jre"/>
    <property name="basedir" value="C:\Users\pdivy\Documents\DivyeshJava\AccentureTrainingJava"/>
    <property name="file.separator" value="\"/>
    <property name="line.separator" value="&#10;"/>
    <property name="java.vm.specification.vendor" value="Oracle Corporation"/>
    <property name="java.specification.name" value="Java Platform API Specification"/>
    <property name="java.awt.graphicsenv" value="sun.awt.Win32GraphicsEnvironment"/>
    <property name="surefire.real.class.path" value="C:\Users\pdivy\AppData\Local\Temp\surefire3055854153961509829\surefirebooter-20241102193424030_3.jar"/>
    <property name="sun.boot.class.path" value="C:\Program Files\Java\jdk-8\jre\lib\resources.jar;C:\Program Files\Java\jdk-8\jre\lib\rt.jar;C:\Program Files\Java\jdk-8\jre\lib\sunrsasign.jar;C:\Program Files\Java\jdk-8\jre\lib\jsse.jar;C:\Program Files\Java\jdk-8\jre\lib\jce.jar;C:\Program Files\Java\jdk-8\jre\lib\charsets.jar;C:\Program Files\Java\jdk-8\jre\lib\jfr.jar;C:\Program Files\Java\jdk-8\jre\classes"/>
    <property name="user.script" value=""/>
    <property name="sun.management.compiler" value="HotSpot 64-Bit Tiered Compilers"/>
    <property name="java.runtime.version" value="1.8.0_422-422-b05"/>
    <property name="user.name" value="pdivy"/>
    <property name="path.separator" value=";"/>
    <property name="os.version" value="10.0"/>
    <property name="java.endorsed.dirs" value="C:\Program Files\Java\jdk-8\jre\lib\endorsed"/>
    <property name="java.runtime.name" value="OpenJDK Runtime Environment"/>
    <property name="file.encoding" value="Cp1252"/>
    <property name="java.vm.name" value="OpenJDK 64-Bit Server VM"/>
    <property name="localRepository" value="C:\Users\pdivy\.m2\repository"/>
    <property name="java.vendor.url.bug" value="http://bugreport.sun.com/bugreport/"/>
    <property name="java.io.tmpdir" value="C:\Users\pdivy\AppData\Local\Temp\"/>
    <property name="java.version" value="1.8.0_422-422"/>
    <property name="user.dir" value="C:\Users\pdivy\Documents\DivyeshJava\AccentureTrainingJava"/>
    <property name="os.arch" value="amd64"/>
    <property name="java.vm.specification.name" value="Java Virtual Machine Specification"/>
    <property name="java.awt.printerjob" value="sun.awt.windows.WPrinterJob"/>
    <property name="sun.os.patch.level" value=""/>
    <property name="java.library.path" value="C:\Program Files\Java\jdk-8\jre\bin;C:\WINDOWS\Sun\Java\bin;C:\WINDOWS\system32;C:\WINDOWS;C:\Windows\system32;C:\Windows;C:\Windows\System32\Wbem;C:\Windows\System32\WindowsPowerShell\v1.0\;C:\Windows\System32\OpenSSH\;C:\Program Files (x86)\NVIDIA Corporation\PhysX\Common;C:\Program Files\NVIDIA Corporation\NVIDIA NvDLISR;C:\WINDOWS\system32;C:\WINDOWS;C:\WINDOWS\System32\Wbem;C:\WINDOWS\System32\WindowsPowerShell\v1.0\;C:\WINDOWS\System32\OpenSSH\;C:\Program Files\MySQL\MySQL Server 8.0\bin;C:\Softwares\apache-maven-3.9.9\bin;C:\Program Files\Java\jdk-8\bin;C:\Softwares\sonarqube-6.7.6\bin\windows-x86-64;C:\Softwares\sonar-scanner-4.6.2.2472-windows\bin;C:\Python312\Scripts\;C:\Python312\;C:\Users\pdivy\AppData\Local\Microsoft\WindowsApps;C:\Users\pdivy\AppData\Local\Programs\Git\cmd;C:\Users\pdivy\Microsoft VS Code\bin;."/>
    <property name="java.vm.info" value="mixed mode"/>
    <property name="java.vendor" value="OpenLogic-OpenJDK"/>
    <property name="java.vm.version" value="25.422-b05"/>
    <property name="java.specification.maintenance.version" value="5"/>
    <property name="java.ext.dirs" value="C:\Program Files\Java\jdk-8\jre\lib\ext;C:\WINDOWS\Sun\Java\lib\ext"/>
    <property name="sun.io.unicode.encoding" value="UnicodeLittle"/>
    <property name="java.class.version" value="52.0"/>
  </properties>
  <testcase name="testPrintSortByFees" classname="com.day7CollectionsAPI.assignment.comparator.courseService.CourseServiceTest" time="0.0">
    <system-out><![CDATA[Sorting by Course Fees....
Course{courseId=2919, courseName='ijkl', courseDurationInHours=9, courseFee=125}
Course{courseId=5725, courseName='lmno', courseDurationInHours=0, courseFee=1262}
Course{courseId=5162, courseName='bcde', courseDurationInHours=5, courseFee=1285}
Course{courseId=3148, courseName='abcd', courseDurationInHours=1, courseFee=1294}
Course{courseId=218, courseName='bcde', courseDurationInHours=8, courseFee=1414}
]]></system-out>
  </testcase>
  <testcase name="testPrintSortByName" classname="com.day7CollectionsAPI.assignment.comparator.courseService.CourseServiceTest" time="0.016">
    <system-out><![CDATA[Sorting by Course Name....
Course{courseId=3336, courseName='efgh', courseDurationInHours=4, courseFee=31}
Course{courseId=2616, courseName='efgh', courseDurationInHours=4, courseFee=1294}
Course{courseId=4508, courseName='ghij', courseDurationInHours=9, courseFee=820}
Course{courseId=4317, courseName='ijkl', courseDurationInHours=3, courseFee=1283}
Course{courseId=3520, courseName='ijkl', courseDurationInHours=2, courseFee=578}
]]></system-out>
  </testcase>
  <testcase name="testPrintSortByDuration" classname="com.day7CollectionsAPI.assignment.comparator.courseService.CourseServiceTest" time="0.0">
    <system-out><![CDATA[Sorting by Course Duration....
Course{courseId=4529, courseName='cdef', courseDurationInHours=0, courseFee=827}
Course{courseId=3294, courseName='defg', courseDurationInHours=2, courseFee=1215}
Course{courseId=3479, courseName='abcd', courseDurationInHours=9, courseFee=1244}
Course{courseId=4929, courseName='klmn', courseDurationInHours=11, courseFee=382}
Course{courseId=2989, courseName='fghi', courseDurationInHours=11, courseFee=965}
]]></system-out>
  </testcase>
  <testcase name="testGenerateCourse" classname="com.day7CollectionsAPI.assignment.comparator.courseService.CourseServiceTest" time="0.0"/>
  <testcase name="testGenerateCourses" classname="com.day7CollectionsAPI.assignment.comparator.courseService.CourseServiceTest" time="0.0"/>
</testsuite>